INFO:root:('left', 'straight', 'right', 'up') l2: 0.1 l1: 0.0 epochs: 1000 eta: 0.001 alpha: 0.001 decrease_const: 1e-05 minibatches: 50
INFO:root:train accuracy: 0.977777777778
INFO:root:test accuracy: 0.977777777778
INFO:root:('left', 'straight', 'up', 'right') l2: 0.1 l1: 0.0 epochs: 1000 eta: 0.001 alpha: 0.001 decrease_const: 1e-05 minibatches: 50
INFO:root:train accuracy: 0.977777777778
INFO:root:test accuracy: 0.977777777778
INFO:root:('left', 'right', 'straight', 'up') l2: 0.1 l1: 0.0 epochs: 1000 eta: 0.001 alpha: 0.001 decrease_const: 1e-05 minibatches: 50
INFO:root:train accuracy: 0.977777777778
INFO:root:test accuracy: 0.966666666667
INFO:root:('left', 'right', 'up', 'straight') l2: 0.1 l1: 0.0 epochs: 1000 eta: 0.001 alpha: 0.001 decrease_const: 1e-05 minibatches: 50
INFO:root:train accuracy: 0.971428571429
INFO:root:test accuracy: 0.966666666667
INFO:root:('left', 'up', 'straight', 'right') l2: 0.1 l1: 0.0 epochs: 1000 eta: 0.001 alpha: 0.001 decrease_const: 1e-05 minibatches: 50
INFO:root:train accuracy: 0.968253968254
INFO:root:test accuracy: 0.9
INFO:root:('left', 'up', 'right', 'straight') l2: 0.1 l1: 0.0 epochs: 1000 eta: 0.001 alpha: 0.001 decrease_const: 1e-05 minibatches: 50
INFO:root:train accuracy: 0.949206349206
INFO:root:test accuracy: 0.922222222222
INFO:root:('straight', 'left', 'right', 'up') l2: 0.1 l1: 0.0 epochs: 1000 eta: 0.001 alpha: 0.001 decrease_const: 1e-05 minibatches: 50
INFO:root:train accuracy: 0.936507936508
INFO:root:test accuracy: 0.866666666667
INFO:root:('straight', 'left', 'up', 'right') l2: 0.1 l1: 0.0 epochs: 1000 eta: 0.001 alpha: 0.001 decrease_const: 1e-05 minibatches: 50
INFO:root:train accuracy: 0.971428571429
INFO:root:test accuracy: 0.944444444444
INFO:root:('straight', 'right', 'left', 'up') l2: 0.1 l1: 0.0 epochs: 1000 eta: 0.001 alpha: 0.001 decrease_const: 1e-05 minibatches: 50
INFO:root:train accuracy: 0.955555555556
INFO:root:test accuracy: 0.833333333333
INFO:root:('straight', 'right', 'up', 'left') l2: 0.1 l1: 0.0 epochs: 1000 eta: 0.001 alpha: 0.001 decrease_const: 1e-05 minibatches: 50
INFO:root:train accuracy: 0.939682539683
INFO:root:test accuracy: 0.922222222222
INFO:root:('straight', 'up', 'left', 'right') l2: 0.1 l1: 0.0 epochs: 1000 eta: 0.001 alpha: 0.001 decrease_const: 1e-05 minibatches: 50
INFO:root:train accuracy: 0.930158730159
INFO:root:test accuracy: 0.955555555556
INFO:root:('straight', 'up', 'right', 'left') l2: 0.1 l1: 0.0 epochs: 1000 eta: 0.001 alpha: 0.001 decrease_const: 1e-05 minibatches: 50
INFO:root:train accuracy: 0.879365079365
INFO:root:test accuracy: 0.866666666667
INFO:root:('right', 'left', 'straight', 'up') l2: 0.1 l1: 0.0 epochs: 1000 eta: 0.001 alpha: 0.001 decrease_const: 1e-05 minibatches: 50
INFO:root:train accuracy: 0.961904761905
INFO:root:test accuracy: 0.966666666667
INFO:root:('right', 'left', 'up', 'straight') l2: 0.1 l1: 0.0 epochs: 1000 eta: 0.001 alpha: 0.001 decrease_const: 1e-05 minibatches: 50
INFO:root:train accuracy: 0.990476190476
INFO:root:test accuracy: 0.955555555556
INFO:root:('right', 'straight', 'left', 'up') l2: 0.1 l1: 0.0 epochs: 1000 eta: 0.001 alpha: 0.001 decrease_const: 1e-05 minibatches: 50
INFO:root:train accuracy: 0.777777777778
INFO:root:test accuracy: 0.755555555556
INFO:root:('right', 'straight', 'up', 'left') l2: 0.1 l1: 0.0 epochs: 1000 eta: 0.001 alpha: 0.001 decrease_const: 1e-05 minibatches: 50
INFO:root:train accuracy: 0.91746031746
INFO:root:test accuracy: 0.911111111111
INFO:root:('right', 'up', 'left', 'straight') l2: 0.1 l1: 0.0 epochs: 1000 eta: 0.001 alpha: 0.001 decrease_const: 1e-05 minibatches: 50
INFO:root:train accuracy: 0.961904761905
INFO:root:test accuracy: 0.922222222222
INFO:root:('right', 'up', 'straight', 'left') l2: 0.1 l1: 0.0 epochs: 1000 eta: 0.001 alpha: 0.001 decrease_const: 1e-05 minibatches: 50
INFO:root:train accuracy: 0.965079365079
INFO:root:test accuracy: 0.955555555556
INFO:root:('up', 'left', 'straight', 'right') l2: 0.1 l1: 0.0 epochs: 1000 eta: 0.001 alpha: 0.001 decrease_const: 1e-05 minibatches: 50
INFO:root:train accuracy: 0.930158730159
INFO:root:test accuracy: 0.966666666667
INFO:root:('up', 'left', 'right', 'straight') l2: 0.1 l1: 0.0 epochs: 1000 eta: 0.001 alpha: 0.001 decrease_const: 1e-05 minibatches: 50
INFO:root:train accuracy: 0.946031746032
INFO:root:test accuracy: 0.877777777778
INFO:root:('up', 'straight', 'left', 'right') l2: 0.1 l1: 0.0 epochs: 1000 eta: 0.001 alpha: 0.001 decrease_const: 1e-05 minibatches: 50
INFO:root:train accuracy: 0.980952380952
INFO:root:test accuracy: 0.966666666667
INFO:root:('up', 'straight', 'right', 'left') l2: 0.1 l1: 0.0 epochs: 1000 eta: 0.001 alpha: 0.001 decrease_const: 1e-05 minibatches: 50
INFO:root:train accuracy: 0.857142857143
INFO:root:test accuracy: 0.8
INFO:root:('up', 'right', 'left', 'straight') l2: 0.1 l1: 0.0 epochs: 1000 eta: 0.001 alpha: 0.001 decrease_const: 1e-05 minibatches: 50
INFO:root:train accuracy: 0.914285714286
INFO:root:test accuracy: 0.922222222222
INFO:root:('up', 'right', 'straight', 'left') l2: 0.1 l1: 0.0 epochs: 1000 eta: 0.001 alpha: 0.001 decrease_const: 1e-05 minibatches: 50
INFO:root:train accuracy: 0.949206349206
INFO:root:test accuracy: 0.9
-------------------------------
INFO:root:('left', 'straight', 'right', 'up') l2: 0 l1: 0 epochs: 10000 eta: 0 alpha: 0 decrease_const: 1e-05 minibatches: 50
INFO:root:train accuracy: 0.222222222222
INFO:root:test accuracy: 0.222222222222
INFO:root:('left', 'straight', 'right', 'up') l2: 0 l1: 0 epochs: 10000 eta: 0 alpha: 0.001 decrease_const: 1e-05 minibatches: 50
INFO:root:train accuracy: 0.222222222222
INFO:root:test accuracy: 0.222222222222
INFO:root:('left', 'straight', 'right', 'up') l2: 0 l1: 0 epochs: 10000 eta: 0 alpha: 0.003 decrease_const: 1e-05 minibatches: 50
INFO:root:train accuracy: 0.222222222222
INFO:root:test accuracy: 0.222222222222
INFO:root:('left', 'straight', 'right', 'up') l2: 0 l1: 0 epochs: 10000 eta: 0 alpha: 0.009 decrease_const: 1e-05 minibatches: 50
INFO:root:train accuracy: 0.222222222222
INFO:root:test accuracy: 0.222222222222
INFO:root:('left', 'straight', 'right', 'up') l2: 0 l1: 0 epochs: 10000 eta: 0 alpha: 0.027 decrease_const: 1e-05 minibatches: 50
INFO:root:train accuracy: 0.222222222222
INFO:root:test accuracy: 0.222222222222
INFO:root:('left', 'straight', 'right', 'up') l2: 0 l1: 0 epochs: 10000 eta: 0 alpha: 0.081 decrease_const: 1e-05 minibatches: 50
INFO:root:train accuracy: 0.222222222222
INFO:root:test accuracy: 0.222222222222
INFO:root:('left', 'straight', 'right', 'up') l2: 0 l1: 0 epochs: 10000 eta: 0 alpha: 0.243 decrease_const: 1e-05 minibatches: 50
INFO:root:train accuracy: 0.222222222222
INFO:root:test accuracy: 0.222222222222
INFO:root:('left', 'straight', 'right', 'up') l2: 0 l1: 0 epochs: 10000 eta: 0 alpha: 0.729 decrease_const: 1e-05 minibatches: 50
INFO:root:train accuracy: 0.222222222222
INFO:root:test accuracy: 0.222222222222
INFO:root:('left', 'straight', 'right', 'up') l2: 0 l1: 0 epochs: 10000 eta: 0 alpha: 2.187 decrease_const: 1e-05 minibatches: 50
INFO:root:train accuracy: 0.222222222222
INFO:root:test accuracy: 0.222222222222
INFO:root:('left', 'straight', 'right', 'up') l2: 0 l1: 0 epochs: 10000 eta: 0 alpha: 6.561 decrease_const: 1e-05 minibatches: 50
INFO:root:train accuracy: 0.222222222222
INFO:root:test accuracy: 0.222222222222
INFO:root:('left', 'straight', 'right', 'up') l2: 0 l1: 0 epochs: 10000 eta: 0 alpha: 19.683 decrease_const: 1e-05 minibatches: 50
INFO:root:train accuracy: 0.222222222222
INFO:root:test accuracy: 0.222222222222
INFO:root:('left', 'straight', 'right', 'up') l2: 0 l1: 0 epochs: 10000 eta: 0 alpha: 59.049 decrease_const: 1e-05 minibatches: 50
INFO:root:train accuracy: 0.222222222222
INFO:root:test accuracy: 0.222222222222
INFO:root:('left', 'straight', 'right', 'up') l2: 0 l1: 0 epochs: 10000 eta: 0.001 alpha: 0 decrease_const: 1e-05 minibatches: 50
INFO:root:train accuracy: 0.698412698413
INFO:root:test accuracy: 0.422222222222
INFO:root:('left', 'straight', 'right', 'up') l2: 0 l1: 0 epochs: 10000 eta: 0.001 alpha: 0.001 decrease_const: 1e-05 minibatches: 50
INFO:root:train accuracy: 0.733333333333
INFO:root:test accuracy: 0.477777777778
INFO:root:('left', 'straight', 'right', 'up') l2: 0 l1: 0 epochs: 10000 eta: 0.001 alpha: 0.003 decrease_const: 1e-05 minibatches: 50
INFO:root:train accuracy: 0.768253968254
INFO:root:test accuracy: 0.522222222222
INFO:root:('left', 'straight', 'right', 'up') l2: 0 l1: 0 epochs: 10000 eta: 0.001 alpha: 0.009 decrease_const: 1e-05 minibatches: 50
INFO:root:train accuracy: 0.752380952381
INFO:root:test accuracy: 0.466666666667
--------------------------------------
INFO:root:('happy', 'sad', 'neutral', 'angry') l2: 0.1 l1: 0.0 epochs: 1000 eta: 0.001 alpha: 0.001 decrease_const: 1e-05 minibatches: 50
INFO:root:train accuracy: 0.35873015873 
INFO:root:test accuracy: 0.266666666667 
INFO:root:('happy', 'sad', 'angry', 'neutral') l2: 0.1 l1: 0.0 epochs: 1000 eta: 0.001 alpha: 0.001 decrease_const: 1e-05 minibatches: 50
INFO:root:train accuracy: 0.349206349206 
INFO:root:test accuracy: 0.255555555556 
INFO:root:('happy', 'neutral', 'sad', 'angry') l2: 0.1 l1: 0.0 epochs: 1000 eta: 0.001 alpha: 0.001 decrease_const: 1e-05 minibatches: 50
INFO:root:train accuracy: 0.336507936508 
INFO:root:test accuracy: 0.244444444444 
INFO:root:('happy', 'neutral', 'angry', 'sad') l2: 0.1 l1: 0.0 epochs: 1000 eta: 0.001 alpha: 0.001 decrease_const: 1e-05 minibatches: 50
INFO:root:train accuracy: 0.371428571429 
INFO:root:test accuracy: 0.322222222222 
INFO:root:('happy', 'angry', 'sad', 'neutral') l2: 0.1 l1: 0.0 epochs: 1000 eta: 0.001 alpha: 0.001 decrease_const: 1e-05 minibatches: 50
INFO:root:train accuracy: 0.349206349206 
INFO:root:test accuracy: 0.255555555556 
INFO:root:('happy', 'angry', 'neutral', 'sad') l2: 0.1 l1: 0.0 epochs: 1000 eta: 0.001 alpha: 0.001 decrease_const: 1e-05 minibatches: 50
INFO:root:train accuracy: 0.380952380952 
INFO:root:test accuracy: 0.233333333333 
INFO:root:('sad', 'happy', 'neutral', 'angry') l2: 0.1 l1: 0.0 epochs: 1000 eta: 0.001 alpha: 0.001 decrease_const: 1e-05 minibatches: 50
INFO:root:train accuracy: 0.336507936508 
INFO:root:test accuracy: 0.288888888889 
INFO:root:('sad', 'happy', 'angry', 'neutral') l2: 0.1 l1: 0.0 epochs: 1000 eta: 0.001 alpha: 0.001 decrease_const: 1e-05 minibatches: 50
INFO:root:train accuracy: 0.403174603175 
INFO:root:test accuracy: 0.244444444444 
INFO:root:('sad', 'neutral', 'happy', 'angry') l2: 0.1 l1: 0.0 epochs: 1000 eta: 0.001 alpha: 0.001 decrease_const: 1e-05 minibatches: 50
INFO:root:train accuracy: 0.380952380952 
INFO:root:test accuracy: 0.277777777778 
INFO:root:('sad', 'neutral', 'angry', 'happy') l2: 0.1 l1: 0.0 epochs: 1000 eta: 0.001 alpha: 0.001 decrease_const: 1e-05 minibatches: 50
INFO:root:train accuracy: 0.425396825397 
INFO:root:test accuracy: 0.266666666667 
INFO:root:('sad', 'angry', 'happy', 'neutral') l2: 0.1 l1: 0.0 epochs: 1000 eta: 0.001 alpha: 0.001 decrease_const: 1e-05 minibatches: 50
INFO:root:train accuracy: 0.371428571429 
INFO:root:test accuracy: 0.311111111111 
INFO:root:('sad', 'angry', 'neutral', 'happy') l2: 0.1 l1: 0.0 epochs: 1000 eta: 0.001 alpha: 0.001 decrease_const: 1e-05 minibatches: 50
INFO:root:train accuracy: 0.393650793651 
INFO:root:test accuracy: 0.255555555556 
INFO:root:('neutral', 'happy', 'sad', 'angry') l2: 0.1 l1: 0.0 epochs: 1000 eta: 0.001 alpha: 0.001 decrease_const: 1e-05 minibatches: 50
INFO:root:train accuracy: 0.396825396825 
INFO:root:test accuracy: 0.3 
INFO:root:('neutral', 'happy', 'angry', 'sad') l2: 0.1 l1: 0.0 epochs: 1000 eta: 0.001 alpha: 0.001 decrease_const: 1e-05 minibatches: 50
INFO:root:train accuracy: 0.349206349206 
INFO:root:test accuracy: 0.255555555556 
INFO:root:('neutral', 'sad', 'happy', 'angry') l2: 0.1 l1: 0.0 epochs: 1000 eta: 0.001 alpha: 0.001 decrease_const: 1e-05 minibatches: 50
INFO:root:train accuracy: 0.352380952381 
INFO:root:test accuracy: 0.311111111111 
INFO:root:('neutral', 'sad', 'angry', 'happy') l2: 0.1 l1: 0.0 epochs: 1000 eta: 0.001 alpha: 0.001 decrease_const: 1e-05 minibatches: 50
INFO:root:train accuracy: 0.342857142857 
INFO:root:test accuracy: 0.322222222222 
INFO:root:('neutral', 'angry', 'happy', 'sad') l2: 0.1 l1: 0.0 epochs: 1000 eta: 0.001 alpha: 0.001 decrease_const: 1e-05 minibatches: 50
INFO:root:train accuracy: 0.361904761905 
INFO:root:test accuracy: 0.255555555556 
INFO:root:('neutral', 'angry', 'sad', 'happy') l2: 0.1 l1: 0.0 epochs: 1000 eta: 0.001 alpha: 0.001 decrease_const: 1e-05 minibatches: 50
INFO:root:train accuracy: 0.380952380952 
INFO:root:test accuracy: 0.266666666667 
INFO:root:('angry', 'happy', 'sad', 'neutral') l2: 0.1 l1: 0.0 epochs: 1000 eta: 0.001 alpha: 0.001 decrease_const: 1e-05 minibatches: 50
INFO:root:train accuracy: 0.35873015873 
INFO:root:test accuracy: 0.277777777778 
INFO:root:('angry', 'happy', 'neutral', 'sad') l2: 0.1 l1: 0.0 epochs: 1000 eta: 0.001 alpha: 0.001 decrease_const: 1e-05 minibatches: 50
INFO:root:train accuracy: 0.361904761905 
INFO:root:test accuracy: 0.266666666667 
INFO:root:('angry', 'sad', 'happy', 'neutral') l2: 0.1 l1: 0.0 epochs: 1000 eta: 0.001 alpha: 0.001 decrease_const: 1e-05 minibatches: 50
INFO:root:train accuracy: 0.415873015873 
INFO:root:test accuracy: 0.266666666667 
INFO:root:('angry', 'sad', 'neutral', 'happy') l2: 0.1 l1: 0.0 epochs: 1000 eta: 0.001 alpha: 0.001 decrease_const: 1e-05 minibatches: 50
INFO:root:train accuracy: 0.374603174603 
INFO:root:test accuracy: 0.233333333333 
INFO:root:('angry', 'neutral', 'happy', 'sad') l2: 0.1 l1: 0.0 epochs: 1000 eta: 0.001 alpha: 0.001 decrease_const: 1e-05 minibatches: 50
INFO:root:train accuracy: 0.352380952381 
INFO:root:test accuracy: 0.288888888889 
INFO:root:('angry', 'neutral', 'sad', 'happy') l2: 0.1 l1: 0.0 epochs: 1000 eta: 0.001 alpha: 0.001 decrease_const: 1e-05 minibatches: 50
INFO:root:train accuracy: 0.4 
INFO:root:test accuracy: 0.2 
INFO:root:('happy', 'sad', 'neutral', 'angry') l2: 0.1 l1: 0 epochs: 1000 eta: 0.001 alpha: 0.001 decrease_const: 1e-05 minibatches: 50
INFO:root:train accuracy: 0.35873015873 
INFO:root:test accuracy: 0.266666666667 
INFO:root:('happy', 'sad', 'neutral', 'angry') l2: 0.1 l1: 0.1 epochs: 1000 eta: 0.001 alpha: 0.001 decrease_const: 1e-05 minibatches: 50
INFO:root:train accuracy: 0.539682539683 
INFO:root:test accuracy: 0.277777777778 
INFO:root:('happy', 'sad', 'neutral', 'angry') l2: 0.1 l1: 0.3 epochs: 1000 eta: 0.001 alpha: 0.001 decrease_const: 1e-05 minibatches: 50
INFO:root:train accuracy: 0.536507936508 
INFO:root:test accuracy: 0.266666666667 
INFO:root:('happy', 'sad', 'neutral', 'angry') l2: 0.1 l1: 1 epochs: 1000 eta: 0.001 alpha: 0.001 decrease_const: 1e-05 minibatches: 50
INFO:root:train accuracy: 0.485714285714 
INFO:root:test accuracy: 0.266666666667 
INFO:root:('happy', 'sad', 'neutral', 'angry') l2: 0.1 l1: 10 epochs: 1000 eta: 0.001 alpha: 0.001 decrease_const: 1e-05 minibatches: 50
INFO:root:train accuracy: 0.374603174603 
INFO:root:test accuracy: 0.288888888889 
INFO:root:('happy', 'sad', 'neutral', 'angry') l2: 0.3 l1: 0 epochs: 1000 eta: 0.001 alpha: 0.001 decrease_const: 1e-05 minibatches: 50
INFO:root:train accuracy: 0.603174603175 
INFO:root:test accuracy: 0.277777777778 
INFO:root:('happy', 'sad', 'neutral', 'angry') l2: 0.3 l1: 0.1 epochs: 1000 eta: 0.001 alpha: 0.001 decrease_const: 1e-05 minibatches: 50
INFO:root:train accuracy: 0.536507936508 
INFO:root:test accuracy: 0.266666666667 
INFO:root:('happy', 'sad', 'neutral', 'angry') l2: 0.3 l1: 0.3 epochs: 1000 eta: 0.001 alpha: 0.001 decrease_const: 1e-05 minibatches: 50
INFO:root:train accuracy: 0.638095238095 
INFO:root:test accuracy: 0.322222222222 
INFO:root:('happy', 'sad', 'neutral', 'angry') l2: 0.3 l1: 1 epochs: 1000 eta: 0.001 alpha: 0.001 decrease_const: 1e-05 minibatches: 50
INFO:root:train accuracy: 0.51746031746 
INFO:root:test accuracy: 0.277777777778 
INFO:root:('happy', 'sad', 'neutral', 'angry') l2: 0.3 l1: 10 epochs: 1000 eta: 0.001 alpha: 0.001 decrease_const: 1e-05 minibatches: 50
INFO:root:train accuracy: 0.374603174603 
INFO:root:test accuracy: 0.3 
INFO:root:('happy', 'sad', 'neutral', 'angry') l2: 1 l1: 0 epochs: 1000 eta: 0.001 alpha: 0.001 decrease_const: 1e-05 minibatches: 50
INFO:root:train accuracy: 0.536507936508 
INFO:root:test accuracy: 0.288888888889 
INFO:root:('happy', 'sad', 'neutral', 'angry') l2: 1 l1: 0.1 epochs: 1000 eta: 0.001 alpha: 0.001 decrease_const: 1e-05 minibatches: 50
INFO:root:train accuracy: 0.485714285714 
INFO:root:test accuracy: 0.266666666667 
INFO:root:('happy', 'sad', 'neutral', 'angry') l2: 1 l1: 0.3 epochs: 1000 eta: 0.001 alpha: 0.001 decrease_const: 1e-05 minibatches: 50
INFO:root:train accuracy: 0.51746031746 
INFO:root:test accuracy: 0.277777777778 
INFO:root:('happy', 'sad', 'neutral', 'angry') l2: 1 l1: 1 epochs: 1000 eta: 0.001 alpha: 0.001 decrease_const: 1e-05 minibatches: 50
INFO:root:train accuracy: 0.520634920635 
INFO:root:test accuracy: 0.266666666667 
INFO:root:('happy', 'sad', 'neutral', 'angry') l2: 1 l1: 10 epochs: 1000 eta: 0.001 alpha: 0.001 decrease_const: 1e-05 minibatches: 50
INFO:root:train accuracy: 0.377777777778 
INFO:root:test accuracy: 0.288888888889 
INFO:root:('happy', 'sad', 'neutral', 'angry') l2: 10 l1: 0 epochs: 1000 eta: 0.001 alpha: 0.001 decrease_const: 1e-05 minibatches: 50
INFO:root:train accuracy: 0.374603174603 
INFO:root:test accuracy: 0.288888888889 
INFO:root:('happy', 'sad', 'neutral', 'angry') l2: 10 l1: 0.1 epochs: 1000 eta: 0.001 alpha: 0.001 decrease_const: 1e-05 minibatches: 50
INFO:root:train accuracy: 0.374603174603 
INFO:root:test accuracy: 0.288888888889 
INFO:root:('happy', 'sad', 'neutral', 'angry') l2: 10 l1: 0.3 epochs: 1000 eta: 0.001 alpha: 0.001 decrease_const: 1e-05 minibatches: 50
INFO:root:train accuracy: 0.374603174603 
INFO:root:test accuracy: 0.3 
INFO:root:('happy', 'sad', 'neutral', 'angry') l2: 10 l1: 1 epochs: 1000 eta: 0.001 alpha: 0.001 decrease_const: 1e-05 minibatches: 50
INFO:root:train accuracy: 0.377777777778 
INFO:root:test accuracy: 0.288888888889 
INFO:root:('happy', 'sad', 'neutral', 'angry') l2: 10 l1: 10 epochs: 1000 eta: 0.001 alpha: 0.001 decrease_const: 1e-05 minibatches: 50
INFO:root:train accuracy: 0.326984126984 
INFO:root:test accuracy: 0.277777777778 
INFO:root:('happy', 'sad', 'angry', 'neutral') l2: 0.1 l1: 0 epochs: 1000 eta: 0.001 alpha: 0.001 decrease_const: 1e-05 minibatches: 50
INFO:root:train accuracy: 0.349206349206 
INFO:root:test accuracy: 0.255555555556 
INFO:root:('happy', 'sad', 'angry', 'neutral') l2: 0.1 l1: 0.1 epochs: 1000 eta: 0.001 alpha: 0.001 decrease_const: 1e-05 minibatches: 50
INFO:root:train accuracy: 0.51746031746 
INFO:root:test accuracy: 0.322222222222 
INFO:root:('happy', 'sad', 'angry', 'neutral') l2: 0.1 l1: 0.3 epochs: 1000 eta: 0.001 alpha: 0.001 decrease_const: 1e-05 minibatches: 50
INFO:root:train accuracy: 0.552380952381 
INFO:root:test accuracy: 0.266666666667 
INFO:root:('happy', 'sad', 'angry', 'neutral') l2: 0.1 l1: 1 epochs: 1000 eta: 0.001 alpha: 0.001 decrease_const: 1e-05 minibatches: 50
INFO:root:train accuracy: 0.511111111111 
INFO:root:test accuracy: 0.266666666667 
INFO:root:('happy', 'sad', 'angry', 'neutral') l2: 0.1 l1: 10 epochs: 1000 eta: 0.001 alpha: 0.001 decrease_const: 1e-05 minibatches: 50
INFO:root:train accuracy: 0.374603174603 
INFO:root:test accuracy: 0.288888888889 
INFO:root:('happy', 'sad', 'angry', 'neutral') l2: 0.3 l1: 0 epochs: 1000 eta: 0.001 alpha: 0.001 decrease_const: 1e-05 minibatches: 50
INFO:root:train accuracy: 0.542857142857 
INFO:root:test accuracy: 0.266666666667 
INFO:root:('happy', 'sad', 'angry', 'neutral') l2: 0.3 l1: 0.1 epochs: 1000 eta: 0.001 alpha: 0.001 decrease_const: 1e-05 minibatches: 50
INFO:root:train accuracy: 0.552380952381 
INFO:root:test accuracy: 0.266666666667 
INFO:root:('happy', 'sad', 'angry', 'neutral') l2: 0.3 l1: 0.3 epochs: 1000 eta: 0.001 alpha: 0.001 decrease_const: 1e-05 minibatches: 50
INFO:root:train accuracy: 0.577777777778 
INFO:root:test accuracy: 0.277777777778 
INFO:root:('happy', 'sad', 'angry', 'neutral') l2: 0.3 l1: 1 epochs: 1000 eta: 0.001 alpha: 0.001 decrease_const: 1e-05 minibatches: 50
INFO:root:train accuracy: 0.565079365079 
INFO:root:test accuracy: 0.311111111111 
INFO:root:('happy', 'sad', 'angry', 'neutral') l2: 0.3 l1: 10 epochs: 1000 eta: 0.001 alpha: 0.001 decrease_const: 1e-05 minibatches: 50
INFO:root:train accuracy: 0.374603174603 
INFO:root:test accuracy: 0.3 
INFO:root:('happy', 'sad', 'angry', 'neutral') l2: 1 l1: 0 epochs: 1000 eta: 0.001 alpha: 0.001 decrease_const: 1e-05 minibatches: 50
INFO:root:train accuracy: 0.561904761905 
INFO:root:test accuracy: 0.266666666667 
INFO:root:('happy', 'sad', 'angry', 'neutral') l2: 1 l1: 0.1 epochs: 1000 eta: 0.001 alpha: 0.001 decrease_const: 1e-05 minibatches: 50
INFO:root:train accuracy: 0.511111111111 
INFO:root:test accuracy: 0.266666666667 
INFO:root:('happy', 'sad', 'angry', 'neutral') l2: 1 l1: 0.3 epochs: 1000 eta: 0.001 alpha: 0.001 decrease_const: 1e-05 minibatches: 50
INFO:root:train accuracy: 0.565079365079 
INFO:root:test accuracy: 0.311111111111 
INFO:root:('happy', 'sad', 'angry', 'neutral') l2: 1 l1: 1 epochs: 1000 eta: 0.001 alpha: 0.001 decrease_const: 1e-05 minibatches: 50
INFO:root:train accuracy: 0.552380952381 
INFO:root:test accuracy: 0.288888888889 
INFO:root:('happy', 'sad', 'angry', 'neutral') l2: 1 l1: 10 epochs: 1000 eta: 0.001 alpha: 0.001 decrease_const: 1e-05 minibatches: 50
INFO:root:train accuracy: 0.377777777778 
INFO:root:test accuracy: 0.288888888889 
INFO:root:('happy', 'sad', 'angry', 'neutral') l2: 10 l1: 0 epochs: 1000 eta: 0.001 alpha: 0.001 decrease_const: 1e-05 minibatches: 50
INFO:root:train accuracy: 0.374603174603 
INFO:root:test accuracy: 0.288888888889 
INFO:root:('happy', 'sad', 'angry', 'neutral') l2: 10 l1: 0.1 epochs: 1000 eta: 0.001 alpha: 0.001 decrease_const: 1e-05 minibatches: 50
INFO:root:train accuracy: 0.374603174603 
INFO:root:test accuracy: 0.288888888889 
INFO:root:('happy', 'sad', 'angry', 'neutral') l2: 10 l1: 0.3 epochs: 1000 eta: 0.001 alpha: 0.001 decrease_const: 1e-05 minibatches: 50
INFO:root:train accuracy: 0.374603174603 
INFO:root:test accuracy: 0.3 
INFO:root:('happy', 'sad', 'angry', 'neutral') l2: 10 l1: 1 epochs: 1000 eta: 0.001 alpha: 0.001 decrease_const: 1e-05 minibatches: 50
INFO:root:train accuracy: 0.377777777778 
INFO:root:test accuracy: 0.288888888889 
INFO:root:('happy', 'sad', 'angry', 'neutral') l2: 10 l1: 10 epochs: 1000 eta: 0.001 alpha: 0.001 decrease_const: 1e-05 minibatches: 50
INFO:root:train accuracy: 0.326984126984 
INFO:root:test accuracy: 0.277777777778 
INFO:root:('happy', 'neutral', 'sad', 'angry') l2: 0.1 l1: 0 epochs: 1000 eta: 0.001 alpha: 0.001 decrease_const: 1e-05 minibatches: 50
INFO:root:train accuracy: 0.336507936508 
INFO:root:test accuracy: 0.244444444444 
INFO:root:('happy', 'neutral', 'sad', 'angry') l2: 0.1 l1: 0.1 epochs: 1000 eta: 0.001 alpha: 0.001 decrease_const: 1e-05 minibatches: 50
INFO:root:train accuracy: 0.47619047619 
INFO:root:test accuracy: 0.233333333333 
INFO:root:('happy', 'neutral', 'sad', 'angry') l2: 0.1 l1: 0.3 epochs: 1000 eta: 0.001 alpha: 0.001 decrease_const: 1e-05 minibatches: 50
INFO:root:train accuracy: 0.631746031746 
INFO:root:test accuracy: 0.288888888889 
INFO:root:('happy', 'neutral', 'sad', 'angry') l2: 0.1 l1: 1 epochs: 1000 eta: 0.001 alpha: 0.001 decrease_const: 1e-05 minibatches: 50
INFO:root:train accuracy: 0.64126984127 
INFO:root:test accuracy: 0.277777777778 
INFO:root:('happy', 'neutral', 'sad', 'angry') l2: 0.1 l1: 10 epochs: 1000 eta: 0.001 alpha: 0.001 decrease_const: 1e-05 minibatches: 50
INFO:root:train accuracy: 0.374603174603 
INFO:root:test accuracy: 0.288888888889 
INFO:root:('happy', 'neutral', 'sad', 'angry') l2: 0.3 l1: 0 epochs: 1000 eta: 0.001 alpha: 0.001 decrease_const: 1e-05 minibatches: 50
INFO:root:train accuracy: 0.612698412698 
INFO:root:test accuracy: 0.288888888889 
INFO:root:('happy', 'neutral', 'sad', 'angry') l2: 0.3 l1: 0.1 epochs: 1000 eta: 0.001 alpha: 0.001 decrease_const: 1e-05 minibatches: 50
INFO:root:train accuracy: 0.631746031746 
INFO:root:test accuracy: 0.288888888889 
INFO:root:('happy', 'neutral', 'sad', 'angry') l2: 0.3 l1: 0.3 epochs: 1000 eta: 0.001 alpha: 0.001 decrease_const: 1e-05 minibatches: 50
INFO:root:train accuracy: 0.536507936508 
INFO:root:test accuracy: 0.266666666667 
INFO:root:('happy', 'neutral', 'sad', 'angry') l2: 0.3 l1: 1 epochs: 1000 eta: 0.001 alpha: 0.001 decrease_const: 1e-05 minibatches: 50
INFO:root:train accuracy: 0.644444444444 
INFO:root:test accuracy: 0.3 
INFO:root:('happy', 'neutral', 'sad', 'angry') l2: 0.3 l1: 10 epochs: 1000 eta: 0.001 alpha: 0.001 decrease_const: 1e-05 minibatches: 50
INFO:root:train accuracy: 0.374603174603 
INFO:root:test accuracy: 0.3 
INFO:root:('happy', 'neutral', 'sad', 'angry') l2: 1 l1: 0 epochs: 1000 eta: 0.001 alpha: 0.001 decrease_const: 1e-05 minibatches: 50
INFO:root:train accuracy: 0.549206349206 
INFO:root:test accuracy: 0.266666666667 
INFO:root:('happy', 'neutral', 'sad', 'angry') l2: 1 l1: 0.1 epochs: 1000 eta: 0.001 alpha: 0.001 decrease_const: 1e-05 minibatches: 50
INFO:root:train accuracy: 0.64126984127 
INFO:root:test accuracy: 0.277777777778 
INFO:root:('happy', 'neutral', 'sad', 'angry') l2: 1 l1: 0.3 epochs: 1000 eta: 0.001 alpha: 0.001 decrease_const: 1e-05 minibatches: 50
INFO:root:train accuracy: 0.644444444444 
INFO:root:test accuracy: 0.3 
INFO:root:('happy', 'neutral', 'sad', 'angry') l2: 1 l1: 1 epochs: 1000 eta: 0.001 alpha: 0.001 decrease_const: 1e-05 minibatches: 50
INFO:root:train accuracy: 0.520634920635 
INFO:root:test accuracy: 0.266666666667 
INFO:root:('happy', 'neutral', 'sad', 'angry') l2: 1 l1: 10 epochs: 1000 eta: 0.001 alpha: 0.001 decrease_const: 1e-05 minibatches: 50
INFO:root:train accuracy: 0.377777777778 
INFO:root:test accuracy: 0.288888888889 
INFO:root:('happy', 'neutral', 'sad', 'angry') l2: 10 l1: 0 epochs: 1000 eta: 0.001 alpha: 0.001 decrease_const: 1e-05 minibatches: 50
INFO:root:train accuracy: 0.374603174603 
INFO:root:test accuracy: 0.288888888889 
INFO:root:('happy', 'neutral', 'sad', 'angry') l2: 10 l1: 0.1 epochs: 1000 eta: 0.001 alpha: 0.001 decrease_const: 1e-05 minibatches: 50
INFO:root:train accuracy: 0.374603174603 
INFO:root:test accuracy: 0.288888888889 
INFO:root:('happy', 'neutral', 'sad', 'angry') l2: 10 l1: 0.3 epochs: 1000 eta: 0.001 alpha: 0.001 decrease_const: 1e-05 minibatches: 50
INFO:root:train accuracy: 0.374603174603 
INFO:root:test accuracy: 0.3 
INFO:root:('happy', 'neutral', 'sad', 'angry') l2: 10 l1: 1 epochs: 1000 eta: 0.001 alpha: 0.001 decrease_const: 1e-05 minibatches: 50
INFO:root:train accuracy: 0.377777777778 
INFO:root:test accuracy: 0.288888888889 
INFO:root:('happy', 'neutral', 'sad', 'angry') l2: 10 l1: 10 epochs: 1000 eta: 0.001 alpha: 0.001 decrease_const: 1e-05 minibatches: 50
INFO:root:train accuracy: 0.326984126984 
INFO:root:test accuracy: 0.277777777778 
INFO:root:('happy', 'neutral', 'angry', 'sad') l2: 0.1 l1: 0 epochs: 1000 eta: 0.001 alpha: 0.001 decrease_const: 1e-05 minibatches: 50
INFO:root:train accuracy: 0.371428571429 
INFO:root:test accuracy: 0.322222222222 
INFO:root:('happy', 'neutral', 'angry', 'sad') l2: 0.1 l1: 0.1 epochs: 1000 eta: 0.001 alpha: 0.001 decrease_const: 1e-05 minibatches: 50
INFO:root:train accuracy: 0.457142857143 
INFO:root:test accuracy: 0.277777777778 
INFO:root:('happy', 'neutral', 'angry', 'sad') l2: 0.1 l1: 0.3 epochs: 1000 eta: 0.001 alpha: 0.001 decrease_const: 1e-05 minibatches: 50
INFO:root:train accuracy: 0.580952380952 
INFO:root:test accuracy: 0.277777777778 
INFO:root:('happy', 'neutral', 'angry', 'sad') l2: 0.1 l1: 1 epochs: 1000 eta: 0.001 alpha: 0.001 decrease_const: 1e-05 minibatches: 50
INFO:root:train accuracy: 0.596825396825 
INFO:root:test accuracy: 0.288888888889 
INFO:root:('happy', 'neutral', 'angry', 'sad') l2: 0.1 l1: 10 epochs: 1000 eta: 0.001 alpha: 0.001 decrease_const: 1e-05 minibatches: 50
INFO:root:train accuracy: 0.374603174603 
INFO:root:test accuracy: 0.288888888889 
INFO:root:('happy', 'neutral', 'angry', 'sad') l2: 0.3 l1: 0 epochs: 1000 eta: 0.001 alpha: 0.001 decrease_const: 1e-05 minibatches: 50
INFO:root:train accuracy: 0.6 
INFO:root:test accuracy: 0.277777777778 
INFO:root:('happy', 'neutral', 'angry', 'sad') l2: 0.3 l1: 0.1 epochs: 1000 eta: 0.001 alpha: 0.001 decrease_const: 1e-05 minibatches: 50
INFO:root:train accuracy: 0.580952380952 
INFO:root:test accuracy: 0.277777777778 
INFO:root:('happy', 'neutral', 'angry', 'sad') l2: 0.3 l1: 0.3 epochs: 1000 eta: 0.001 alpha: 0.001 decrease_const: 1e-05 minibatches: 50
INFO:root:train accuracy: 0.603174603175 
INFO:root:test accuracy: 0.277777777778 
INFO:root:('happy', 'neutral', 'angry', 'sad') l2: 0.3 l1: 1 epochs: 1000 eta: 0.001 alpha: 0.001 decrease_const: 1e-05 minibatches: 50
INFO:root:train accuracy: 0.596825396825 
INFO:root:test accuracy: 0.288888888889 
INFO:root:('happy', 'neutral', 'angry', 'sad') l2: 0.3 l1: 10 epochs: 1000 eta: 0.001 alpha: 0.001 decrease_const: 1e-05 minibatches: 50
INFO:root:train accuracy: 0.374603174603 
INFO:root:test accuracy: 0.3 
INFO:root:('happy', 'neutral', 'angry', 'sad') l2: 1 l1: 0 epochs: 1000 eta: 0.001 alpha: 0.001 decrease_const: 1e-05 minibatches: 50
INFO:root:train accuracy: 0.6 
INFO:root:test accuracy: 0.266666666667 
INFO:root:('happy', 'neutral', 'angry', 'sad') l2: 1 l1: 0.1 epochs: 1000 eta: 0.001 alpha: 0.001 decrease_const: 1e-05 minibatches: 50
INFO:root:train accuracy: 0.596825396825 
INFO:root:test accuracy: 0.288888888889 
INFO:root:('happy', 'neutral', 'angry', 'sad') l2: 1 l1: 0.3 epochs: 1000 eta: 0.001 alpha: 0.001 decrease_const: 1e-05 minibatches: 50
INFO:root:train accuracy: 0.596825396825 
INFO:root:test accuracy: 0.288888888889 
INFO:root:('happy', 'neutral', 'angry', 'sad') l2: 1 l1: 1 epochs: 1000 eta: 0.001 alpha: 0.001 decrease_const: 1e-05 minibatches: 50
INFO:root:train accuracy: 0.51746031746 
INFO:root:test accuracy: 0.266666666667 
INFO:root:('happy', 'neutral', 'angry', 'sad') l2: 1 l1: 10 epochs: 1000 eta: 0.001 alpha: 0.001 decrease_const: 1e-05 minibatches: 50
INFO:root:train accuracy: 0.377777777778 
INFO:root:test accuracy: 0.288888888889 
INFO:root:('happy', 'neutral', 'angry', 'sad') l2: 10 l1: 0 epochs: 1000 eta: 0.001 alpha: 0.001 decrease_const: 1e-05 minibatches: 50
INFO:root:train accuracy: 0.374603174603 
INFO:root:test accuracy: 0.288888888889 
INFO:root:('happy', 'neutral', 'angry', 'sad') l2: 10 l1: 0.1 epochs: 1000 eta: 0.001 alpha: 0.001 decrease_const: 1e-05 minibatches: 50
INFO:root:train accuracy: 0.374603174603 
INFO:root:test accuracy: 0.288888888889 
INFO:root:('happy', 'neutral', 'angry', 'sad') l2: 10 l1: 0.3 epochs: 1000 eta: 0.001 alpha: 0.001 decrease_const: 1e-05 minibatches: 50
INFO:root:train accuracy: 0.374603174603 
INFO:root:test accuracy: 0.3 
INFO:root:('happy', 'neutral', 'angry', 'sad') l2: 10 l1: 1 epochs: 1000 eta: 0.001 alpha: 0.001 decrease_const: 1e-05 minibatches: 50
INFO:root:train accuracy: 0.377777777778 
INFO:root:test accuracy: 0.288888888889 
INFO:root:('happy', 'neutral', 'angry', 'sad') l2: 10 l1: 10 epochs: 1000 eta: 0.001 alpha: 0.001 decrease_const: 1e-05 minibatches: 50
INFO:root:train accuracy: 0.326984126984 
INFO:root:test accuracy: 0.277777777778 
INFO:root:('happy', 'angry', 'sad', 'neutral') l2: 0.1 l1: 0 epochs: 1000 eta: 0.001 alpha: 0.001 decrease_const: 1e-05 minibatches: 50
INFO:root:train accuracy: 0.349206349206 
INFO:root:test accuracy: 0.255555555556 
INFO:root:('happy', 'angry', 'sad', 'neutral') l2: 0.1 l1: 0.1 epochs: 1000 eta: 0.001 alpha: 0.001 decrease_const: 1e-05 minibatches: 50
INFO:root:train accuracy: 0.52380952381 
INFO:root:test accuracy: 0.266666666667 
INFO:root:('happy', 'angry', 'sad', 'neutral') l2: 0.1 l1: 0.3 epochs: 1000 eta: 0.001 alpha: 0.001 decrease_const: 1e-05 minibatches: 50
INFO:root:train accuracy: 0.603174603175 
INFO:root:test accuracy: 0.266666666667 
INFO:root:('happy', 'angry', 'sad', 'neutral') l2: 0.1 l1: 1 epochs: 1000 eta: 0.001 alpha: 0.001 decrease_const: 1e-05 minibatches: 50
INFO:root:train accuracy: 0.590476190476 
INFO:root:test accuracy: 0.311111111111 
INFO:root:('happy', 'angry', 'sad', 'neutral') l2: 0.1 l1: 10 epochs: 1000 eta: 0.001 alpha: 0.001 decrease_const: 1e-05 minibatches: 50
INFO:root:train accuracy: 0.374603174603 
INFO:root:test accuracy: 0.288888888889 
INFO:root:('happy', 'angry', 'sad', 'neutral') l2: 0.3 l1: 0 epochs: 1000 eta: 0.001 alpha: 0.001 decrease_const: 1e-05 minibatches: 50
INFO:root:train accuracy: 0.619047619048 
INFO:root:test accuracy: 0.277777777778 
INFO:root:('happy', 'angry', 'sad', 'neutral') l2: 0.3 l1: 0.1 epochs: 1000 eta: 0.001 alpha: 0.001 decrease_const: 1e-05 minibatches: 50
INFO:root:train accuracy: 0.603174603175 
INFO:root:test accuracy: 0.266666666667 
INFO:root:('happy', 'angry', 'sad', 'neutral') l2: 0.3 l1: 0.3 epochs: 1000 eta: 0.001 alpha: 0.001 decrease_const: 1e-05 minibatches: 50
INFO:root:train accuracy: 0.622222222222 
INFO:root:test accuracy: 0.277777777778 
INFO:root:('happy', 'angry', 'sad', 'neutral') l2: 0.3 l1: 1 epochs: 1000 eta: 0.001 alpha: 0.001 decrease_const: 1e-05 minibatches: 50
INFO:root:train accuracy: 0.542857142857 
INFO:root:test accuracy: 0.277777777778 
INFO:root:('happy', 'angry', 'sad', 'neutral') l2: 0.3 l1: 10 epochs: 1000 eta: 0.001 alpha: 0.001 decrease_const: 1e-05 minibatches: 50
INFO:root:train accuracy: 0.371428571429 
INFO:root:test accuracy: 0.288888888889 
INFO:root:('happy', 'angry', 'sad', 'neutral') l2: 1 l1: 0 epochs: 1000 eta: 0.001 alpha: 0.001 decrease_const: 1e-05 minibatches: 50
INFO:root:train accuracy: 0.631746031746 
INFO:root:test accuracy: 0.3 
INFO:root:('happy', 'angry', 'sad', 'neutral') l2: 1 l1: 0.1 epochs: 1000 eta: 0.001 alpha: 0.001 decrease_const: 1e-05 minibatches: 50
INFO:root:train accuracy: 0.590476190476 
INFO:root:test accuracy: 0.311111111111 
INFO:root:('happy', 'angry', 'sad', 'neutral') l2: 1 l1: 0.3 epochs: 1000 eta: 0.001 alpha: 0.001 decrease_const: 1e-05 minibatches: 50
INFO:root:train accuracy: 0.542857142857 
INFO:root:test accuracy: 0.277777777778 
INFO:root:('happy', 'angry', 'sad', 'neutral') l2: 1 l1: 1 epochs: 1000 eta: 0.001 alpha: 0.001 decrease_const: 1e-05 minibatches: 50
INFO:root:train accuracy: 0.498412698413 
INFO:root:test accuracy: 0.266666666667 
INFO:root:('happy', 'angry', 'sad', 'neutral') l2: 1 l1: 10 epochs: 1000 eta: 0.001 alpha: 0.001 decrease_const: 1e-05 minibatches: 50
INFO:root:train accuracy: 0.377777777778 
INFO:root:test accuracy: 0.288888888889 
INFO:root:('happy', 'angry', 'sad', 'neutral') l2: 10 l1: 0 epochs: 1000 eta: 0.001 alpha: 0.001 decrease_const: 1e-05 minibatches: 50
INFO:root:train accuracy: 0.374603174603 
INFO:root:test accuracy: 0.288888888889 
INFO:root:('happy', 'angry', 'sad', 'neutral') l2: 10 l1: 0.1 epochs: 1000 eta: 0.001 alpha: 0.001 decrease_const: 1e-05 minibatches: 50
INFO:root:train accuracy: 0.374603174603 
INFO:root:test accuracy: 0.288888888889 
INFO:root:('happy', 'angry', 'sad', 'neutral') l2: 10 l1: 0.3 epochs: 1000 eta: 0.001 alpha: 0.001 decrease_const: 1e-05 minibatches: 50
INFO:root:train accuracy: 0.371428571429 
INFO:root:test accuracy: 0.288888888889 
INFO:root:('happy', 'angry', 'sad', 'neutral') l2: 10 l1: 1 epochs: 1000 eta: 0.001 alpha: 0.001 decrease_const: 1e-05 minibatches: 50
INFO:root:train accuracy: 0.377777777778 
INFO:root:test accuracy: 0.288888888889 
INFO:root:('happy', 'angry', 'sad', 'neutral') l2: 10 l1: 10 epochs: 1000 eta: 0.001 alpha: 0.001 decrease_const: 1e-05 minibatches: 50
INFO:root:train accuracy: 0.326984126984 
INFO:root:test accuracy: 0.277777777778 
INFO:root:('happy', 'angry', 'neutral', 'sad') l2: 0.1 l1: 0 epochs: 1000 eta: 0.001 alpha: 0.001 decrease_const: 1e-05 minibatches: 50
INFO:root:train accuracy: 0.380952380952 
INFO:root:test accuracy: 0.233333333333 
INFO:root:('happy', 'angry', 'neutral', 'sad') l2: 0.1 l1: 0.1 epochs: 1000 eta: 0.001 alpha: 0.001 decrease_const: 1e-05 minibatches: 50
INFO:root:train accuracy: 0.520634920635 
INFO:root:test accuracy: 0.255555555556 
INFO:root:('happy', 'angry', 'neutral', 'sad') l2: 0.1 l1: 0.3 epochs: 1000 eta: 0.001 alpha: 0.001 decrease_const: 1e-05 minibatches: 50
INFO:root:train accuracy: 0.568253968254 
INFO:root:test accuracy: 0.266666666667 
INFO:root:('happy', 'angry', 'neutral', 'sad') l2: 0.1 l1: 1 epochs: 1000 eta: 0.001 alpha: 0.001 decrease_const: 1e-05 minibatches: 50
INFO:root:train accuracy: 0.571428571429 
INFO:root:test accuracy: 0.266666666667 
INFO:root:('happy', 'angry', 'neutral', 'sad') l2: 0.1 l1: 10 epochs: 1000 eta: 0.001 alpha: 0.001 decrease_const: 1e-05 minibatches: 50
INFO:root:train accuracy: 0.374603174603 
INFO:root:test accuracy: 0.288888888889 
INFO:root:('happy', 'angry', 'neutral', 'sad') l2: 0.3 l1: 0 epochs: 1000 eta: 0.001 alpha: 0.001 decrease_const: 1e-05 minibatches: 50
INFO:root:train accuracy: 0.565079365079 
INFO:root:test accuracy: 0.277777777778 
INFO:root:('happy', 'angry', 'neutral', 'sad') l2: 0.3 l1: 0.1 epochs: 1000 eta: 0.001 alpha: 0.001 decrease_const: 1e-05 minibatches: 50
INFO:root:train accuracy: 0.568253968254 
INFO:root:test accuracy: 0.266666666667 
INFO:root:('happy', 'angry', 'neutral', 'sad') l2: 0.3 l1: 0.3 epochs: 1000 eta: 0.001 alpha: 0.001 decrease_const: 1e-05 minibatches: 50
INFO:root:train accuracy: 0.533333333333 
INFO:root:test accuracy: 0.277777777778 
INFO:root:('happy', 'angry', 'neutral', 'sad') l2: 0.3 l1: 1 epochs: 1000 eta: 0.001 alpha: 0.001 decrease_const: 1e-05 minibatches: 50
INFO:root:train accuracy: 0.526984126984 
INFO:root:test accuracy: 0.266666666667 
INFO:root:('happy', 'angry', 'neutral', 'sad') l2: 0.3 l1: 10 epochs: 1000 eta: 0.001 alpha: 0.001 decrease_const: 1e-05 minibatches: 50
INFO:root:train accuracy: 0.371428571429 
INFO:root:test accuracy: 0.288888888889 
INFO:root:('happy', 'angry', 'neutral', 'sad') l2: 1 l1: 0 epochs: 1000 eta: 0.001 alpha: 0.001 decrease_const: 1e-05 minibatches: 50
INFO:root:train accuracy: 0.546031746032 
INFO:root:test accuracy: 0.266666666667 
INFO:root:('happy', 'angry', 'neutral', 'sad') l2: 1 l1: 0.1 epochs: 1000 eta: 0.001 alpha: 0.001 decrease_const: 1e-05 minibatches: 50
INFO:root:train accuracy: 0.571428571429 
INFO:root:test accuracy: 0.266666666667 
INFO:root:('happy', 'angry', 'neutral', 'sad') l2: 1 l1: 0.3 epochs: 1000 eta: 0.001 alpha: 0.001 decrease_const: 1e-05 minibatches: 50
INFO:root:train accuracy: 0.526984126984 
INFO:root:test accuracy: 0.266666666667 
INFO:root:('happy', 'angry', 'neutral', 'sad') l2: 1 l1: 1 epochs: 1000 eta: 0.001 alpha: 0.001 decrease_const: 1e-05 minibatches: 50
INFO:root:train accuracy: 0.507936507937 
INFO:root:test accuracy: 0.266666666667 
INFO:root:('happy', 'angry', 'neutral', 'sad') l2: 1 l1: 10 epochs: 1000 eta: 0.001 alpha: 0.001 decrease_const: 1e-05 minibatches: 50
INFO:root:train accuracy: 0.377777777778 
INFO:root:test accuracy: 0.288888888889 
INFO:root:('happy', 'angry', 'neutral', 'sad') l2: 10 l1: 0 epochs: 1000 eta: 0.001 alpha: 0.001 decrease_const: 1e-05 minibatches: 50
INFO:root:train accuracy: 0.374603174603 
INFO:root:test accuracy: 0.288888888889 
INFO:root:('happy', 'angry', 'neutral', 'sad') l2: 10 l1: 0.1 epochs: 1000 eta: 0.001 alpha: 0.001 decrease_const: 1e-05 minibatches: 50
INFO:root:train accuracy: 0.374603174603 
INFO:root:test accuracy: 0.288888888889 
INFO:root:('happy', 'angry', 'neutral', 'sad') l2: 10 l1: 0.3 epochs: 1000 eta: 0.001 alpha: 0.001 decrease_const: 1e-05 minibatches: 50
INFO:root:train accuracy: 0.371428571429 
INFO:root:test accuracy: 0.288888888889 
INFO:root:('happy', 'angry', 'neutral', 'sad') l2: 10 l1: 1 epochs: 1000 eta: 0.001 alpha: 0.001 decrease_const: 1e-05 minibatches: 50
